{"/home/hector/Desktop/dashboard/src/ContextProviders/AuthContext.tsx": {"path":"/home/hector/Desktop/dashboard/src/ContextProviders/AuthContext.tsx","statementMap":{"0":{"start":{"line":1,"column":0},"end":{"line":1,"column":null}},"1":{"start":{"line":9,"column":0},"end":{"line":9,"column":36}},"2":{"start":{"line":10,"column":0},"end":{"line":10,"column":58}},"3":{"start":{"line":24,"column":16},"end":{"line":26,"column":1}},"4":{"start":{"line":25,"column":2},"end":{"line":25,"column":46}},"5":{"start":{"line":28,"column":13},"end":{"line":34,"column":3}},"6":{"start":{"line":36,"column":63},"end":{"line":111,"column":1}},"7":{"start":{"line":39,"column":40},"end":{"line":40,"column":null}},"8":{"start":{"line":42,"column":42},"end":{"line":43,"column":null}},"9":{"start":{"line":46,"column":31},"end":{"line":49,"column":3}},"10":{"start":{"line":47,"column":4},"end":{"line":47,"column":26}},"11":{"start":{"line":48,"column":4},"end":{"line":48,"column":48}},"12":{"start":{"line":51,"column":32},"end":{"line":54,"column":3}},"13":{"start":{"line":52,"column":4},"end":{"line":52,"column":27}},"14":{"start":{"line":53,"column":4},"end":{"line":53,"column":49}},"15":{"start":{"line":56,"column":23},"end":{"line":62,"column":3}},"16":{"start":{"line":57,"column":4},"end":{"line":57,"column":44}},"17":{"start":{"line":58,"column":4},"end":{"line":58,"column":45}},"18":{"start":{"line":59,"column":4},"end":{"line":59,"column":25}},"19":{"start":{"line":60,"column":4},"end":{"line":60,"column":26}},"20":{"start":{"line":61,"column":4},"end":{"line":61,"column":36}},"21":{"start":{"line":64,"column":2},"end":{"line":93,"column":34}},"22":{"start":{"line":65,"column":25},"end":{"line":68,"column":5}},"23":{"start":{"line":66,"column":31},"end":{"line":66,"column":76}},"24":{"start":{"line":67,"column":6},"end":{"line":67,"column":22}},"25":{"start":{"line":69,"column":16},"end":{"line":69,"column":33}},"26":{"start":{"line":70,"column":4},"end":{"line":92,"column":null}},"27":{"start":{"line":71,"column":6},"end":{"line":72,"column":40}},"28":{"start":{"line":72,"column":8},"end":{"line":72,"column":40}},"29":{"start":{"line":73,"column":11},"end":{"line":92,"column":null}},"30":{"start":{"line":74,"column":39},"end":{"line":74,"column":62}},"31":{"start":{"line":75,"column":6},"end":{"line":79,"column":null}},"32":{"start":{"line":76,"column":8},"end":{"line":76,"column":43}},"33":{"start":{"line":78,"column":8},"end":{"line":78,"column":15}},"34":{"start":{"line":81,"column":46},"end":{"line":81,"column":70}},"35":{"start":{"line":82,"column":6},"end":{"line":91,"column":null}},"36":{"start":{"line":83,"column":8},"end":{"line":83,"column":23}},"37":{"start":{"line":84,"column":13},"end":{"line":91,"column":null}},"38":{"start":{"line":85,"column":32},"end":{"line":85,"column":46}},"39":{"start":{"line":86,"column":8},"end":{"line":90,"column":11}},"40":{"start":{"line":87,"column":10},"end":{"line":89,"column":null}},"41":{"start":{"line":88,"column":12},"end":{"line":88,"column":39}},"42":{"start":{"line":95,"column":24},"end":{"line":103,"column":null}},"43":{"start":{"line":96,"column":11},"end":{"line":102,"column":6}},"44":{"start":{"line":106,"column":2},"end":{"line":110,"column":4}},"45":{"start":{"line":36,"column":13},"end":{"line":36,"column":63}},"46":{"start":{"line":114,"column":2},"end":{"line":114,"column":33}},"47":{"start":{"line":113,"column":0},"end":{"line":113,"column":16}}},"fnMap":{"0":{"name":"(anonymous_0)","decl":{"start":{"line":24,"column":16},"end":{"line":24,"column":26}},"loc":{"start":{"line":24,"column":28},"end":{"line":26,"column":1}}},"1":{"name":"(anonymous_1)","decl":{"start":{"line":36,"column":63},"end":{"line":36,"column":64}},"loc":{"start":{"line":38,"column":5},"end":{"line":111,"column":1}}},"2":{"name":"(anonymous_2)","decl":{"start":{"line":46,"column":31},"end":{"line":46,"column":32}},"loc":{"start":{"line":46,"column":49},"end":{"line":49,"column":3}}},"3":{"name":"(anonymous_3)","decl":{"start":{"line":51,"column":32},"end":{"line":51,"column":33}},"loc":{"start":{"line":51,"column":50},"end":{"line":54,"column":3}}},"4":{"name":"(anonymous_4)","decl":{"start":{"line":56,"column":23},"end":{"line":56,"column":26}},"loc":{"start":{"line":56,"column":28},"end":{"line":62,"column":3}}},"5":{"name":"(anonymous_5)","decl":{"start":{"line":64,"column":12},"end":{"line":64,"column":15}},"loc":{"start":{"line":64,"column":17},"end":{"line":93,"column":3}}},"6":{"name":"(anonymous_6)","decl":{"start":{"line":65,"column":25},"end":{"line":65,"column":30}},"loc":{"start":{"line":65,"column":36},"end":{"line":68,"column":5}}},"7":{"name":"(anonymous_7)","decl":{"start":{"line":86,"column":29},"end":{"line":86,"column":30}},"loc":{"start":{"line":86,"column":37},"end":{"line":90,"column":9}}},"8":{"name":"(anonymous_8)","decl":{"start":{"line":96,"column":4},"end":{"line":96,"column":7}},"loc":{"start":{"line":96,"column":11},"end":{"line":102,"column":6}}},"9":{"name":"useAuth","decl":{"start":{"line":113,"column":16},"end":{"line":113,"column":23}},"loc":{"start":{"line":113,"column":23},"end":{"line":115,"column":1}}}},"branchMap":{"0":{"loc":{"start":{"line":70,"column":4},"end":{"line":92,"column":null}},"type":"if","locations":[{"start":{"line":70,"column":4},"end":{"line":92,"column":null}},{"start":{"line":73,"column":11},"end":{"line":92,"column":null}}]},"1":{"loc":{"start":{"line":70,"column":8},"end":{"line":70,"column":53}},"type":"binary-expr","locations":[{"start":{"line":70,"column":8},"end":{"line":70,"column":28}},{"start":{"line":70,"column":32},"end":{"line":70,"column":53}}]},"2":{"loc":{"start":{"line":71,"column":6},"end":{"line":72,"column":40}},"type":"if","locations":[{"start":{"line":71,"column":6},"end":{"line":72,"column":40}}]},"3":{"loc":{"start":{"line":73,"column":11},"end":{"line":92,"column":null}},"type":"if","locations":[{"start":{"line":73,"column":11},"end":{"line":92,"column":null}},{"start":{"line":80,"column":11},"end":{"line":92,"column":null}}]},"4":{"loc":{"start":{"line":75,"column":6},"end":{"line":79,"column":null}},"type":"if","locations":[{"start":{"line":75,"column":6},"end":{"line":79,"column":null}},{"start":{"line":77,"column":13},"end":{"line":79,"column":null}}]},"5":{"loc":{"start":{"line":82,"column":6},"end":{"line":91,"column":null}},"type":"if","locations":[{"start":{"line":82,"column":6},"end":{"line":91,"column":null}},{"start":{"line":84,"column":13},"end":{"line":91,"column":null}}]},"6":{"loc":{"start":{"line":84,"column":13},"end":{"line":91,"column":null}},"type":"if","locations":[{"start":{"line":84,"column":13},"end":{"line":91,"column":null}}]},"7":{"loc":{"start":{"line":87,"column":10},"end":{"line":89,"column":null}},"type":"if","locations":[{"start":{"line":87,"column":10},"end":{"line":89,"column":null}}]}},"s":{"0":2,"1":2,"2":2,"3":2,"4":0,"5":2,"6":2,"7":0,"8":0,"9":0,"10":0,"11":0,"12":0,"13":0,"14":0,"15":0,"16":0,"17":0,"18":0,"19":0,"20":0,"21":0,"22":0,"23":0,"24":0,"25":0,"26":0,"27":0,"28":0,"29":0,"30":0,"31":0,"32":0,"33":0,"34":0,"35":0,"36":0,"37":0,"38":0,"39":0,"40":0,"41":0,"42":0,"43":0,"44":0,"45":2,"46":8,"47":2},"f":{"0":0,"1":0,"2":0,"3":0,"4":0,"5":0,"6":0,"7":0,"8":0,"9":8},"b":{"0":[0,0],"1":[0,0],"2":[0],"3":[0,0],"4":[0,0],"5":[0,0],"6":[0],"7":[0]}}
,"/home/hector/Desktop/dashboard/src/pages/Home.tsx": {"path":"/home/hector/Desktop/dashboard/src/pages/Home.tsx","statementMap":{"0":{"start":{"line":1,"column":13},"end":{"line":7,"column":1}},"1":{"start":{"line":2,"column":2},"end":{"line":6,"column":4}},"2":{"start":{"line":9,"column":0},"end":{"line":9,"column":20}}},"fnMap":{"0":{"name":"(anonymous_0)","decl":{"start":{"line":1,"column":13},"end":{"line":1,"column":16}},"loc":{"start":{"line":1,"column":18},"end":{"line":7,"column":1}}}},"branchMap":{},"s":{"0":1,"1":1,"2":1},"f":{"0":1},"b":{}}
,"/home/hector/Desktop/dashboard/src/pages/Reviews.tsx": {"path":"/home/hector/Desktop/dashboard/src/pages/Reviews.tsx","statementMap":{"0":{"start":{"line":1,"column":0},"end":{"line":1,"column":35}},"1":{"start":{"line":2,"column":0},"end":{"line":2,"column":62}},"2":{"start":{"line":4,"column":0},"end":{"line":4,"column":39}},"3":{"start":{"line":5,"column":0},"end":{"line":5,"column":70}},"4":{"start":{"line":7,"column":16},"end":{"line":22,"column":1}},"5":{"start":{"line":8,"column":26},"end":{"line":8,"column":49}},"6":{"start":{"line":9,"column":28},"end":{"line":14,"column":null}},"7":{"start":{"line":11,"column":10},"end":{"line":11,"column":42}},"8":{"start":{"line":17,"column":2},"end":{"line":21,"column":4}},"9":{"start":{"line":24,"column":0},"end":{"line":24,"column":23}}},"fnMap":{"0":{"name":"(anonymous_0)","decl":{"start":{"line":7,"column":16},"end":{"line":7,"column":19}},"loc":{"start":{"line":7,"column":21},"end":{"line":22,"column":1}}},"1":{"name":"(anonymous_1)","decl":{"start":{"line":11,"column":4},"end":{"line":11,"column":7}},"loc":{"start":{"line":11,"column":10},"end":{"line":11,"column":42}}}},"branchMap":{},"s":{"0":1,"1":1,"2":1,"3":1,"4":1,"5":4,"6":3,"7":2,"8":3,"9":1},"f":{"0":4,"1":2},"b":{}}
,"/home/hector/Desktop/dashboard/src/services/GetRefreshToken.ts": {"path":"/home/hector/Desktop/dashboard/src/services/GetRefreshToken.ts","statementMap":{"0":{"start":{"line":1,"column":0},"end":{"line":1,"column":26}},"1":{"start":{"line":5,"column":18},"end":{"line":7,"column":4}},"2":{"start":{"line":8,"column":44},"end":{"line":8,"column":53}},"3":{"start":{"line":9,"column":2},"end":{"line":24,"column":7}},"4":{"start":{"line":16,"column":6},"end":{"line":20,"column":null}},"5":{"start":{"line":17,"column":8},"end":{"line":17,"column":54}},"6":{"start":{"line":19,"column":8},"end":{"line":19,"column":75}},"7":{"start":{"line":23,"column":6},"end":{"line":23,"column":37}},"8":{"start":{"line":25,"column":2},"end":{"line":27,"column":null}},"9":{"start":{"line":26,"column":4},"end":{"line":26,"column":52}},"10":{"start":{"line":28,"column":2},"end":{"line":28,"column":25}},"11":{"start":{"line":2,"column":0},"end":{"line":2,"column":15}}},"fnMap":{"0":{"name":"getRefreshToken","decl":{"start":{"line":2,"column":30},"end":{"line":2,"column":45}},"loc":{"start":{"line":3,"column":22},"end":{"line":29,"column":1}}},"1":{"name":"(anonymous_1)","decl":{"start":{"line":15,"column":10},"end":{"line":15,"column":11}},"loc":{"start":{"line":15,"column":23},"end":{"line":21,"column":5}}},"2":{"name":"(anonymous_2)","decl":{"start":{"line":22,"column":11},"end":{"line":22,"column":12}},"loc":{"start":{"line":22,"column":21},"end":{"line":24,"column":5}}}},"branchMap":{"0":{"loc":{"start":{"line":16,"column":6},"end":{"line":20,"column":null}},"type":"if","locations":[{"start":{"line":16,"column":6},"end":{"line":20,"column":null}},{"start":{"line":18,"column":13},"end":{"line":20,"column":null}}]},"1":{"loc":{"start":{"line":25,"column":2},"end":{"line":27,"column":null}},"type":"if","locations":[{"start":{"line":25,"column":2},"end":{"line":27,"column":null}}]}},"s":{"0":3,"1":2,"2":2,"3":2,"4":1,"5":1,"6":0,"7":1,"8":1,"9":0,"10":1,"11":3},"f":{"0":2,"1":1,"2":1},"b":{"0":[1,0],"1":[0]}}
,"/home/hector/Desktop/dashboard/src/services/ReviewNumberRequest.tsx": {"path":"/home/hector/Desktop/dashboard/src/services/ReviewNumberRequest.tsx","statementMap":{"0":{"start":{"line":1,"column":0},"end":{"line":1,"column":42}},"1":{"start":{"line":3,"column":35},"end":{"line":19,"column":1}},"2":{"start":{"line":4,"column":26},"end":{"line":16,"column":6}},"3":{"start":{"line":13,"column":19},"end":{"line":13,"column":27}},"4":{"start":{"line":15,"column":6},"end":{"line":15,"column":35}},"5":{"start":{"line":18,"column":2},"end":{"line":18,"column":17}},"6":{"start":{"line":3,"column":13},"end":{"line":3,"column":35}}},"fnMap":{"0":{"name":"(anonymous_0)","decl":{"start":{"line":3,"column":35},"end":{"line":3,"column":40}},"loc":{"start":{"line":3,"column":66},"end":{"line":19,"column":1}}},"1":{"name":"(anonymous_1)","decl":{"start":{"line":13,"column":10},"end":{"line":13,"column":11}},"loc":{"start":{"line":13,"column":19},"end":{"line":13,"column":27}}},"2":{"name":"(anonymous_2)","decl":{"start":{"line":14,"column":11},"end":{"line":14,"column":12}},"loc":{"start":{"line":14,"column":31},"end":{"line":16,"column":5}}}},"branchMap":{},"s":{"0":1,"1":1,"2":2,"3":1,"4":1,"5":1,"6":1},"f":{"0":2,"1":1,"2":1},"b":{}}
}
