{"/home/hector/Documents/dashboard/src/components/Button/Button.styles.ts": {"path":"/home/hector/Documents/dashboard/src/components/Button/Button.styles.ts","statementMap":{"0":{"start":{"line":1,"column":0},"end":{"line":1,"column":39}},"1":{"start":{"line":4,"column":13},"end":{"line":24,"column":2}},"2":{"start":{"line":4,"column":59},"end":{"line":6,"column":2}},"3":{"start":{"line":13,"column":34},"end":{"line":13,"column":71}},"4":{"start":{"line":14,"column":23},"end":{"line":14,"column":60}},"5":{"start":{"line":21,"column":23},"end":{"line":21,"column":54}},"6":{"start":{"line":22,"column":22},"end":{"line":22,"column":43}},"7":{"start":{"line":23,"column":28},"end":{"line":23,"column":52}},"8":{"start":{"line":26,"column":13},"end":{"line":29,"column":2}}},"fnMap":{"0":{"name":"(anonymous_0)","decl":{"start":{"line":4,"column":47},"end":{"line":4,"column":48}},"loc":{"start":{"line":4,"column":59},"end":{"line":6,"column":2}}},"1":{"name":"(anonymous_1)","decl":{"start":{"line":13,"column":22},"end":{"line":13,"column":23}},"loc":{"start":{"line":13,"column":34},"end":{"line":13,"column":71}}},"2":{"name":"(anonymous_2)","decl":{"start":{"line":14,"column":11},"end":{"line":14,"column":12}},"loc":{"start":{"line":14,"column":23},"end":{"line":14,"column":60}}},"3":{"name":"(anonymous_3)","decl":{"start":{"line":21,"column":11},"end":{"line":21,"column":12}},"loc":{"start":{"line":21,"column":23},"end":{"line":21,"column":54}}},"4":{"name":"(anonymous_4)","decl":{"start":{"line":22,"column":10},"end":{"line":22,"column":11}},"loc":{"start":{"line":22,"column":22},"end":{"line":22,"column":43}}},"5":{"name":"(anonymous_5)","decl":{"start":{"line":23,"column":16},"end":{"line":23,"column":17}},"loc":{"start":{"line":23,"column":28},"end":{"line":23,"column":52}}}},"branchMap":{"0":{"loc":{"start":{"line":5,"column":8},"end":{"line":5,"column":30}},"type":"binary-expr","locations":[{"start":{"line":5,"column":8},"end":{"line":5,"column":18}},{"start":{"line":5,"column":22},"end":{"line":5,"column":30}}]},"1":{"loc":{"start":{"line":13,"column":34},"end":{"line":13,"column":71}},"type":"cond-expr","locations":[{"start":{"line":13,"column":50},"end":{"line":13,"column":59}},{"start":{"line":13,"column":62},"end":{"line":13,"column":71}}]},"2":{"loc":{"start":{"line":14,"column":23},"end":{"line":14,"column":60}},"type":"cond-expr","locations":[{"start":{"line":14,"column":39},"end":{"line":14,"column":48}},{"start":{"line":14,"column":51},"end":{"line":14,"column":60}}]},"3":{"loc":{"start":{"line":21,"column":23},"end":{"line":21,"column":54}},"type":"cond-expr","locations":[{"start":{"line":21,"column":36},"end":{"line":21,"column":38}},{"start":{"line":21,"column":41},"end":{"line":21,"column":54}}]},"4":{"loc":{"start":{"line":22,"column":22},"end":{"line":22,"column":43}},"type":"cond-expr","locations":[{"start":{"line":22,"column":35},"end":{"line":22,"column":38}},{"start":{"line":22,"column":41},"end":{"line":22,"column":43}}]},"5":{"loc":{"start":{"line":23,"column":28},"end":{"line":23,"column":52}},"type":"cond-expr","locations":[{"start":{"line":23,"column":41},"end":{"line":23,"column":47}},{"start":{"line":23,"column":50},"end":{"line":23,"column":52}}]}},"s":{"0":1,"1":1,"2":16,"3":16,"4":16,"5":16,"6":16,"7":16,"8":1},"f":{"0":16,"1":16,"2":16,"3":16,"4":16,"5":16},"b":{"0":[16,8],"1":[8,8],"2":[8,8],"3":[16,0],"4":[16,0],"5":[16,0]}}
,"/home/hector/Documents/dashboard/src/components/Button/Button.tsx": {"path":"/home/hector/Documents/dashboard/src/components/Button/Button.tsx","statementMap":{"0":{"start":{"line":2,"column":0},"end":{"line":2,"column":58}},"1":{"start":{"line":12,"column":15},"end":{"line":18,"column":1}},"2":{"start":{"line":13,"column":2},"end":{"line":17,"column":4}},"3":{"start":{"line":20,"column":9},"end":{"line":20,"column":15}}},"fnMap":{"0":{"name":"(anonymous_0)","decl":{"start":{"line":12,"column":15},"end":{"line":12,"column":16}},"loc":{"start":{"line":12,"column":51},"end":{"line":18,"column":1}}}},"branchMap":{},"s":{"0":1,"1":1,"2":16,"3":1},"f":{"0":16},"b":{}}
,"/home/hector/Documents/dashboard/src/components/Form/Form.styles.ts": {"path":"/home/hector/Documents/dashboard/src/components/Form/Form.styles.ts","statementMap":{"0":{"start":{"line":1,"column":0},"end":{"line":1,"column":39}},"1":{"start":{"line":3,"column":13},"end":{"line":5,"column":2}}},"fnMap":{},"branchMap":{},"s":{"0":1,"1":1},"f":{},"b":{}}
,"/home/hector/Documents/dashboard/src/components/Form/Form.tsx": {"path":"/home/hector/Documents/dashboard/src/components/Form/Form.tsx","statementMap":{"0":{"start":{"line":3,"column":0},"end":{"line":3,"column":46}},"1":{"start":{"line":20,"column":13},"end":{"line":31,"column":1}},"2":{"start":{"line":21,"column":2},"end":{"line":30,"column":4}},"3":{"start":{"line":33,"column":9},"end":{"line":33,"column":13}}},"fnMap":{"0":{"name":"(anonymous_0)","decl":{"start":{"line":20,"column":13},"end":{"line":20,"column":14}},"loc":{"start":{"line":20,"column":71},"end":{"line":31,"column":1}}}},"branchMap":{},"s":{"0":1,"1":1,"2":8,"3":1},"f":{"0":8},"b":{}}
,"/home/hector/Documents/dashboard/src/components/Input/Input.style.ts": {"path":"/home/hector/Documents/dashboard/src/components/Input/Input.style.ts","statementMap":{"0":{"start":{"line":1,"column":0},"end":{"line":1,"column":39}},"1":{"start":{"line":5,"column":13},"end":{"line":54,"column":2}},"2":{"start":{"line":56,"column":13},"end":{"line":66,"column":2}},"3":{"start":{"line":57,"column":23},"end":{"line":57,"column":61}},"4":{"start":{"line":68,"column":13},"end":{"line":72,"column":2}}},"fnMap":{"0":{"name":"(anonymous_0)","decl":{"start":{"line":57,"column":11},"end":{"line":57,"column":12}},"loc":{"start":{"line":57,"column":23},"end":{"line":57,"column":61}}}},"branchMap":{"0":{"loc":{"start":{"line":57,"column":23},"end":{"line":57,"column":61}},"type":"cond-expr","locations":[{"start":{"line":57,"column":40},"end":{"line":57,"column":49}},{"start":{"line":57,"column":52},"end":{"line":57,"column":61}}]}},"s":{"0":1,"1":1,"2":1,"3":40,"4":1},"f":{"0":40},"b":{"0":[5,35]}}
,"/home/hector/Documents/dashboard/src/components/Input/Input.tsx": {"path":"/home/hector/Documents/dashboard/src/components/Input/Input.tsx","statementMap":{"0":{"start":{"line":1,"column":0},"end":{"line":1,"column":46}},"1":{"start":{"line":2,"column":0},"end":{"line":2,"column":69}},"2":{"start":{"line":15,"column":18},"end":{"line":32,"column":1}},"3":{"start":{"line":16,"column":19},"end":{"line":16,"column":26}},"4":{"start":{"line":17,"column":23},"end":{"line":17,"column":37}},"5":{"start":{"line":19,"column":2},"end":{"line":31,"column":4}},"6":{"start":{"line":34,"column":14},"end":{"line":34,"column":35}},"7":{"start":{"line":36,"column":9},"end":{"line":36,"column":14}}},"fnMap":{"0":{"name":"(anonymous_0)","decl":{"start":{"line":15,"column":18},"end":{"line":15,"column":19}},"loc":{"start":{"line":15,"column":67},"end":{"line":32,"column":1}}}},"branchMap":{"0":{"loc":{"start":{"line":23,"column":33},"end":{"line":23,"column":62}},"type":"cond-expr","locations":[{"start":{"line":23,"column":44},"end":{"line":23,"column":57}},{"start":{"line":23,"column":60},"end":{"line":23,"column":62}}]},"1":{"loc":{"start":{"line":27,"column":7},"end":{"line":28,"column":null}},"type":"binary-expr","locations":[{"start":{"line":27,"column":7},"end":{"line":27,"column":15}},{"start":{"line":28,"column":8},"end":{"line":28,"column":77}}]}},"s":{"0":1,"1":1,"2":1,"3":40,"4":40,"5":40,"6":1,"7":1},"f":{"0":40},"b":{"0":[5,35],"1":[40,5]}}
,"/home/hector/Documents/dashboard/src/components/ModalImg/ModalImg.style.ts": {"path":"/home/hector/Documents/dashboard/src/components/ModalImg/ModalImg.style.ts","statementMap":{"0":{"start":{"line":1,"column":0},"end":{"line":1,"column":39}},"1":{"start":{"line":7,"column":13},"end":{"line":25,"column":2}},"2":{"start":{"line":13,"column":24},"end":{"line":13,"column":68}}},"fnMap":{"0":{"name":"(anonymous_0)","decl":{"start":{"line":13,"column":12},"end":{"line":13,"column":13}},"loc":{"start":{"line":13,"column":24},"end":{"line":13,"column":68}}}},"branchMap":{"0":{"loc":{"start":{"line":13,"column":24},"end":{"line":13,"column":68}},"type":"cond-expr","locations":[{"start":{"line":13,"column":39},"end":{"line":13,"column":45}},{"start":{"line":13,"column":48},"end":{"line":13,"column":68}}]}},"s":{"0":1,"1":1,"2":8},"f":{"0":8},"b":{"0":[0,8]}}
,"/home/hector/Documents/dashboard/src/components/ModalImg/ModalImg.tsx": {"path":"/home/hector/Documents/dashboard/src/components/ModalImg/ModalImg.tsx","statementMap":{"0":{"start":{"line":1,"column":0},"end":{"line":1,"column":59}},"1":{"start":{"line":2,"column":0},"end":{"line":2,"column":50}},"2":{"start":{"line":3,"column":0},"end":{"line":3,"column":80}},"3":{"start":{"line":11,"column":42},"end":{"line":66,"column":1}},"4":{"start":{"line":12,"column":30},"end":{"line":12,"column":50}},"5":{"start":{"line":13,"column":23},"end":{"line":13,"column":60}},"6":{"start":{"line":14,"column":32},"end":{"line":22,"column":3}},"7":{"start":{"line":17,"column":25},"end":{"line":17,"column":68}},"8":{"start":{"line":18,"column":4},"end":{"line":21,"column":null}},"9":{"start":{"line":19,"column":6},"end":{"line":19,"column":33}},"10":{"start":{"line":20,"column":6},"end":{"line":20,"column":51}},"11":{"start":{"line":24,"column":2},"end":{"line":26,"column":12}},"12":{"start":{"line":25,"column":4},"end":{"line":25,"column":41}},"13":{"start":{"line":27,"column":2},"end":{"line":65,"column":4}},"14":{"start":{"line":40,"column":27},"end":{"line":40,"column":40}},"15":{"start":{"line":60,"column":27},"end":{"line":60,"column":56}},"16":{"start":{"line":68,"column":0},"end":{"line":68,"column":24}}},"fnMap":{"0":{"name":"(anonymous_0)","decl":{"start":{"line":11,"column":42},"end":{"line":11,"column":43}},"loc":{"start":{"line":11,"column":68},"end":{"line":66,"column":1}}},"1":{"name":"(anonymous_1)","decl":{"start":{"line":14,"column":32},"end":{"line":14,"column":null}},"loc":{"start":{"line":16,"column":6},"end":{"line":22,"column":3}}},"2":{"name":"(anonymous_2)","decl":{"start":{"line":24,"column":12},"end":{"line":24,"column":15}},"loc":{"start":{"line":24,"column":17},"end":{"line":26,"column":3}}},"3":{"name":"(anonymous_3)","decl":{"start":{"line":40,"column":21},"end":{"line":40,"column":24}},"loc":{"start":{"line":40,"column":27},"end":{"line":40,"column":40}}},"4":{"name":"(anonymous_4)","decl":{"start":{"line":60,"column":21},"end":{"line":60,"column":24}},"loc":{"start":{"line":60,"column":27},"end":{"line":60,"column":56}}}},"branchMap":{"0":{"loc":{"start":{"line":17,"column":25},"end":{"line":17,"column":68}},"type":"binary-expr","locations":[{"start":{"line":17,"column":25},"end":{"line":17,"column":43}},{"start":{"line":17,"column":47},"end":{"line":17,"column":68}}]},"1":{"loc":{"start":{"line":18,"column":4},"end":{"line":21,"column":null}},"type":"if","locations":[{"start":{"line":18,"column":4},"end":{"line":21,"column":null}}]},"2":{"loc":{"start":{"line":25,"column":4},"end":{"line":25,"column":40}},"type":"cond-expr","locations":[{"start":{"line":25,"column":10},"end":{"line":25,"column":24}},{"start":{"line":25,"column":27},"end":{"line":25,"column":40}}]},"3":{"loc":{"start":{"line":29,"column":7},"end":{"line":62,"column":null}},"type":"cond-expr","locations":[{"start":{"line":30,"column":8},"end":{"line":42,"column":null}},{"start":{"line":45,"column":8},"end":{"line":61,"column":null}}]}},"s":{"0":1,"1":1,"2":1,"3":1,"4":8,"5":8,"6":8,"7":0,"8":0,"9":0,"10":0,"11":8,"12":3,"13":8,"14":0,"15":0,"16":1},"f":{"0":8,"1":0,"2":3,"3":0,"4":0},"b":{"0":[0,0],"1":[0],"2":[0,3],"3":[0,8]}}
,"/home/hector/Documents/dashboard/src/components/Modals/EditLocationModal/EditLocationModal.styles.ts": {"path":"/home/hector/Documents/dashboard/src/components/Modals/EditLocationModal/EditLocationModal.styles.ts","statementMap":{"0":{"start":{"line":1,"column":0},"end":{"line":1,"column":39}},"1":{"start":{"line":3,"column":13},"end":{"line":8,"column":2}},"2":{"start":{"line":10,"column":13},"end":{"line":14,"column":2}},"3":{"start":{"line":16,"column":13},"end":{"line":20,"column":2}}},"fnMap":{},"branchMap":{},"s":{"0":1,"1":1,"2":1,"3":1},"f":{},"b":{}}
,"/home/hector/Documents/dashboard/src/components/Modals/EditLocationModal/EditLocationModal.tsx": {"path":"/home/hector/Documents/dashboard/src/components/Modals/EditLocationModal/EditLocationModal.tsx","statementMap":{"0":{"start":{"line":1,"column":0},"end":{"line":1,"column":66}},"1":{"start":{"line":2,"column":0},"end":{"line":2,"column":44}},"2":{"start":{"line":3,"column":0},"end":{"line":3,"column":54}},"3":{"start":{"line":4,"column":0},"end":{"line":4,"column":82}},"4":{"start":{"line":5,"column":0},"end":{"line":5,"column":83}},"5":{"start":{"line":6,"column":0},"end":{"line":6,"column":47}},"6":{"start":{"line":7,"column":0},"end":{"line":7,"column":45}},"7":{"start":{"line":8,"column":0},"end":{"line":8,"column":42}},"8":{"start":{"line":9,"column":0},"end":{"line":9,"column":39}},"9":{"start":{"line":10,"column":0},"end":{"line":10,"column":40}},"10":{"start":{"line":11,"column":0},"end":{"line":11,"column":39}},"11":{"start":{"line":12,"column":0},"end":{"line":12,"column":62}},"12":{"start":{"line":13,"column":0},"end":{"line":13,"column":67}},"13":{"start":{"line":14,"column":0},"end":{"line":14,"column":61}},"14":{"start":{"line":15,"column":0},"end":{"line":15,"column":84}},"15":{"start":{"line":16,"column":0},"end":{"line":16,"column":39}},"16":{"start":{"line":17,"column":0},"end":{"line":17,"column":84}},"17":{"start":{"line":25,"column":26},"end":{"line":209,"column":1}},"18":{"start":{"line":30,"column":26},"end":{"line":30,"column":35}},"19":{"start":{"line":31,"column":27},"end":{"line":32,"column":null}},"20":{"start":{"line":32,"column":4},"end":{"line":32,"column":36}},"21":{"start":{"line":34,"column":42},"end":{"line":34,"column":69}},"22":{"start":{"line":35,"column":38},"end":{"line":35,"column":58}},"23":{"start":{"line":37,"column":27},"end":{"line":39,"column":3}},"24":{"start":{"line":38,"column":4},"end":{"line":38,"column":26}},"25":{"start":{"line":41,"column":23},"end":{"line":51,"column":3}},"26":{"start":{"line":42,"column":4},"end":{"line":50,"column":null}},"27":{"start":{"line":43,"column":6},"end":{"line":43,"column":17}},"28":{"start":{"line":44,"column":11},"end":{"line":50,"column":null}},"29":{"start":{"line":45,"column":6},"end":{"line":45,"column":17}},"30":{"start":{"line":46,"column":11},"end":{"line":50,"column":null}},"31":{"start":{"line":47,"column":6},"end":{"line":47,"column":17}},"32":{"start":{"line":49,"column":6},"end":{"line":49,"column":16}},"33":{"start":{"line":60,"column":6},"end":{"line":76,"column":4}},"34":{"start":{"line":65,"column":6},"end":{"line":74,"column":null}},"35":{"start":{"line":66,"column":8},"end":{"line":73,"column":10}},"36":{"start":{"line":78,"column":2},"end":{"line":80,"column":13}},"37":{"start":{"line":79,"column":4},"end":{"line":79,"column":16}},"38":{"start":{"line":83,"column":19},"end":{"line":93,"column":3}},"39":{"start":{"line":84,"column":21},"end":{"line":84,"column":35}},"40":{"start":{"line":85,"column":4},"end":{"line":85,"column":39}},"41":{"start":{"line":86,"column":4},"end":{"line":86,"column":47}},"42":{"start":{"line":87,"column":4},"end":{"line":87,"column":48}},"43":{"start":{"line":88,"column":4},"end":{"line":88,"column":50}},"44":{"start":{"line":89,"column":4},"end":{"line":89,"column":37}},"45":{"start":{"line":90,"column":4},"end":{"line":90,"column":47}},"46":{"start":{"line":91,"column":4},"end":{"line":91,"column":49}},"47":{"start":{"line":92,"column":4},"end":{"line":92,"column":46}},"48":{"start":{"line":94,"column":26},"end":{"line":98,"column":4}},"49":{"start":{"line":100,"column":2},"end":{"line":208,"column":4}},"50":{"start":{"line":109,"column":27},"end":{"line":109,"column":46}},"51":{"start":{"line":129,"column":14},"end":{"line":144,"column":null}},"52":{"start":{"line":133,"column":18},"end":{"line":133,"column":48}},"53":{"start":{"line":134,"column":18},"end":{"line":134,"column":45}},"54":{"start":{"line":196,"column":29},"end":{"line":196,"column":48}},"55":{"start":{"line":211,"column":9},"end":{"line":211,"column":26}}},"fnMap":{"0":{"name":"(anonymous_0)","decl":{"start":{"line":25,"column":26},"end":{"line":25,"column":27}},"loc":{"start":{"line":29,"column":25},"end":{"line":209,"column":1}}},"1":{"name":"(anonymous_1)","decl":{"start":{"line":31,"column":48},"end":{"line":31,"column":51}},"loc":{"start":{"line":32,"column":4},"end":{"line":32,"column":36}}},"2":{"name":"(anonymous_2)","decl":{"start":{"line":37,"column":27},"end":{"line":37,"column":28}},"loc":{"start":{"line":37,"column":42},"end":{"line":39,"column":3}}},"3":{"name":"(anonymous_3)","decl":{"start":{"line":41,"column":23},"end":{"line":41,"column":24}},"loc":{"start":{"line":41,"column":41},"end":{"line":51,"column":3}}},"4":{"name":"(anonymous_4)","decl":{"start":{"line":64,"column":19},"end":{"line":64,"column":24}},"loc":{"start":{"line":64,"column":30},"end":{"line":75,"column":5}}},"5":{"name":"(anonymous_5)","decl":{"start":{"line":78,"column":12},"end":{"line":78,"column":15}},"loc":{"start":{"line":78,"column":17},"end":{"line":80,"column":3}}},"6":{"name":"(anonymous_6)","decl":{"start":{"line":83,"column":19},"end":{"line":83,"column":20}},"loc":{"start":{"line":83,"column":33},"end":{"line":93,"column":3}}},"7":{"name":"(anonymous_7)","decl":{"start":{"line":109,"column":21},"end":{"line":109,"column":24}},"loc":{"start":{"line":109,"column":27},"end":{"line":109,"column":46}}},"8":{"name":"(anonymous_8)","decl":{"start":{"line":128,"column":20},"end":{"line":128,"column":23}},"loc":{"start":{"line":129,"column":14},"end":{"line":144,"column":null}}},"9":{"name":"(anonymous_9)","decl":{"start":{"line":132,"column":26},"end":{"line":132,"column":27}},"loc":{"start":{"line":132,"column":36},"end":{"line":135,"column":17}}},"10":{"name":"(anonymous_10)","decl":{"start":{"line":196,"column":23},"end":{"line":196,"column":26}},"loc":{"start":{"line":196,"column":29},"end":{"line":196,"column":48}}}},"branchMap":{"0":{"loc":{"start":{"line":42,"column":4},"end":{"line":50,"column":null}},"type":"if","locations":[{"start":{"line":42,"column":4},"end":{"line":50,"column":null}},{"start":{"line":44,"column":11},"end":{"line":50,"column":null}}]},"1":{"loc":{"start":{"line":44,"column":11},"end":{"line":50,"column":null}},"type":"if","locations":[{"start":{"line":44,"column":11},"end":{"line":50,"column":null}},{"start":{"line":46,"column":11},"end":{"line":50,"column":null}}]},"2":{"loc":{"start":{"line":46,"column":11},"end":{"line":50,"column":null}},"type":"if","locations":[{"start":{"line":46,"column":11},"end":{"line":50,"column":null}},{"start":{"line":48,"column":11},"end":{"line":50,"column":null}}]},"3":{"loc":{"start":{"line":65,"column":6},"end":{"line":74,"column":null}},"type":"if","locations":[{"start":{"line":65,"column":6},"end":{"line":74,"column":null}}]},"4":{"loc":{"start":{"line":137,"column":18},"end":{"line":142,"column":26}},"type":"cond-expr","locations":[{"start":{"line":138,"column":23},"end":{"line":141,"column":null}},{"start":{"line":142,"column":22},"end":{"line":142,"column":26}}]},"5":{"loc":{"start":{"line":169,"column":16},"end":{"line":171,"column":51}},"type":"cond-expr","locations":[{"start":{"line":170,"column":21},"end":{"line":170,"column":77}},{"start":{"line":171,"column":21},"end":{"line":171,"column":51}}]},"6":{"loc":{"start":{"line":179,"column":16},"end":{"line":181,"column":52}},"type":"cond-expr","locations":[{"start":{"line":180,"column":21},"end":{"line":180,"column":77}},{"start":{"line":181,"column":21},"end":{"line":181,"column":52}}]},"7":{"loc":{"start":{"line":188,"column":19},"end":{"line":188,"column":42}},"type":"cond-expr","locations":[{"start":{"line":188,"column":26},"end":{"line":188,"column":37}},{"start":{"line":188,"column":40},"end":{"line":188,"column":42}}]}},"s":{"0":1,"1":1,"2":1,"3":1,"4":1,"5":1,"6":1,"7":1,"8":1,"9":1,"10":1,"11":1,"12":1,"13":1,"14":1,"15":1,"16":1,"17":1,"18":8,"19":8,"20":3,"21":8,"22":8,"23":8,"24":0,"25":8,"26":0,"27":0,"28":0,"29":0,"30":0,"31":0,"32":0,"33":8,"34":3,"35":0,"36":8,"37":3,"38":8,"39":0,"40":0,"41":0,"42":0,"43":0,"44":0,"45":0,"46":0,"47":0,"48":8,"49":8,"50":0,"51":8,"52":0,"53":0,"54":1,"55":1},"f":{"0":8,"1":3,"2":0,"3":0,"4":3,"5":3,"6":0,"7":0,"8":8,"9":0,"10":1},"b":{"0":[0,0],"1":[0,0],"2":[0,0],"3":[0],"4":[0,8],"5":[0,8],"6":[0,8],"7":[0,8]}}
,"/home/hector/Documents/dashboard/src/components/Modals/Modal/Modal.styles.ts": {"path":"/home/hector/Documents/dashboard/src/components/Modals/Modal/Modal.styles.ts","statementMap":{"0":{"start":{"line":1,"column":0},"end":{"line":1,"column":39}},"1":{"start":{"line":7,"column":13},"end":{"line":20,"column":2}},"2":{"start":{"line":13,"column":25},"end":{"line":13,"column":58}},"3":{"start":{"line":22,"column":13},"end":{"line":30,"column":2}},"4":{"start":{"line":32,"column":13},"end":{"line":38,"column":2}}},"fnMap":{"0":{"name":"(anonymous_0)","decl":{"start":{"line":13,"column":13},"end":{"line":13,"column":14}},"loc":{"start":{"line":13,"column":25},"end":{"line":13,"column":58}}}},"branchMap":{"0":{"loc":{"start":{"line":13,"column":25},"end":{"line":13,"column":58}},"type":"cond-expr","locations":[{"start":{"line":13,"column":43},"end":{"line":13,"column":49}},{"start":{"line":13,"column":52},"end":{"line":13,"column":58}}]}},"s":{"0":1,"1":1,"2":8,"3":1,"4":1},"f":{"0":8},"b":{"0":[8,0]}}
,"/home/hector/Documents/dashboard/src/components/Modals/Modal/Modal.tsx": {"path":"/home/hector/Documents/dashboard/src/components/Modals/Modal/Modal.tsx","statementMap":{"0":{"start":{"line":2,"column":0},"end":{"line":2,"column":60}},"1":{"start":{"line":12,"column":14},"end":{"line":21,"column":1}},"2":{"start":{"line":13,"column":2},"end":{"line":20,"column":4}},"3":{"start":{"line":23,"column":9},"end":{"line":23,"column":14}}},"fnMap":{"0":{"name":"(anonymous_0)","decl":{"start":{"line":12,"column":14},"end":{"line":12,"column":15}},"loc":{"start":{"line":12,"column":72},"end":{"line":21,"column":1}}}},"branchMap":{},"s":{"0":1,"1":1,"2":8,"3":1},"f":{"0":8},"b":{}}
,"/home/hector/Documents/dashboard/src/components/Select/Select.tsx": {"path":"/home/hector/Documents/dashboard/src/components/Select/Select.tsx","statementMap":{"0":{"start":{"line":1,"column":0},"end":{"line":1,"column":44}},"1":{"start":{"line":2,"column":0},"end":{"line":2,"column":66}},"2":{"start":{"line":5,"column":0},"end":{"line":5,"column":34}},"3":{"start":{"line":19,"column":24},"end":{"line":86,"column":1}},"4":{"start":{"line":27,"column":19},"end":{"line":27,"column":26}},"5":{"start":{"line":28,"column":23},"end":{"line":28,"column":37}},"6":{"start":{"line":29,"column":34},"end":{"line":29,"column":63}},"7":{"start":{"line":31,"column":17},"end":{"line":36,"column":3}},"8":{"start":{"line":32,"column":4},"end":{"line":35,"column":null}},"9":{"start":{"line":33,"column":6},"end":{"line":33,"column":25}},"10":{"start":{"line":34,"column":6},"end":{"line":34,"column":22}},"11":{"start":{"line":38,"column":2},"end":{"line":85,"column":4}},"12":{"start":{"line":44,"column":29},"end":{"line":44,"column":42}},"13":{"start":{"line":49,"column":34},"end":{"line":49,"column":36}},"14":{"start":{"line":50,"column":29},"end":{"line":50,"column":32}},"15":{"start":{"line":51,"column":30},"end":{"line":51,"column":39}},"16":{"start":{"line":52,"column":30},"end":{"line":52,"column":35}},"17":{"start":{"line":53,"column":12},"end":{"line":57,"column":null}},"18":{"start":{"line":54,"column":14},"end":{"line":54,"column":38}},"19":{"start":{"line":55,"column":14},"end":{"line":55,"column":31}},"20":{"start":{"line":56,"column":14},"end":{"line":56,"column":36}},"21":{"start":{"line":58,"column":12},"end":{"line":61,"column":null}},"22":{"start":{"line":59,"column":14},"end":{"line":59,"column":38}},"23":{"start":{"line":60,"column":14},"end":{"line":60,"column":42}},"24":{"start":{"line":62,"column":12},"end":{"line":68,"column":14}},"25":{"start":{"line":70,"column":29},"end":{"line":78,"column":12}},"26":{"start":{"line":88,"column":9},"end":{"line":88,"column":24}}},"fnMap":{"0":{"name":"(anonymous_0)","decl":{"start":{"line":19,"column":24},"end":{"line":19,"column":25}},"loc":{"start":{"line":26,"column":14},"end":{"line":86,"column":1}}},"1":{"name":"(anonymous_1)","decl":{"start":{"line":31,"column":17},"end":{"line":31,"column":18}},"loc":{"start":{"line":31,"column":42},"end":{"line":36,"column":3}}},"2":{"name":"(anonymous_2)","decl":{"start":{"line":44,"column":18},"end":{"line":44,"column":19}},"loc":{"start":{"line":44,"column":29},"end":{"line":44,"column":42}}},"3":{"name":"(anonymous_3)","decl":{"start":{"line":48,"column":19},"end":{"line":48,"column":20}},"loc":{"start":{"line":48,"column":35},"end":{"line":69,"column":11}}},"4":{"name":"(anonymous_4)","decl":{"start":{"line":70,"column":18},"end":{"line":70,"column":19}},"loc":{"start":{"line":70,"column":29},"end":{"line":78,"column":12}}}},"branchMap":{"0":{"loc":{"start":{"line":32,"column":4},"end":{"line":35,"column":null}},"type":"if","locations":[{"start":{"line":32,"column":4},"end":{"line":35,"column":null}}]},"1":{"loc":{"start":{"line":43,"column":15},"end":{"line":43,"column":51}},"type":"cond-expr","locations":[{"start":{"line":43,"column":27},"end":{"line":43,"column":40}},{"start":{"line":43,"column":43},"end":{"line":43,"column":51}}]},"2":{"loc":{"start":{"line":53,"column":12},"end":{"line":57,"column":null}},"type":"if","locations":[{"start":{"line":53,"column":12},"end":{"line":57,"column":null}}]},"3":{"loc":{"start":{"line":53,"column":16},"end":{"line":53,"column":44}},"type":"binary-expr","locations":[{"start":{"line":53,"column":16},"end":{"line":53,"column":31}},{"start":{"line":53,"column":35},"end":{"line":53,"column":44}}]},"4":{"loc":{"start":{"line":58,"column":12},"end":{"line":61,"column":null}},"type":"if","locations":[{"start":{"line":58,"column":12},"end":{"line":61,"column":null}}]},"5":{"loc":{"start":{"line":81,"column":7},"end":{"line":82,"column":null}},"type":"binary-expr","locations":[{"start":{"line":81,"column":7},"end":{"line":81,"column":15}},{"start":{"line":82,"column":8},"end":{"line":82,"column":77}}]}},"s":{"0":1,"1":1,"2":1,"3":1,"4":8,"5":8,"6":8,"7":8,"8":0,"9":0,"10":0,"11":8,"12":0,"13":8,"14":8,"15":8,"16":8,"17":8,"18":0,"19":0,"20":0,"21":8,"22":0,"23":0,"24":8,"25":0,"26":1},"f":{"0":8,"1":0,"2":0,"3":8,"4":0},"b":{"0":[0],"1":[8,0],"2":[0],"3":[8,0],"4":[0],"5":[8,0]}}
,"/home/hector/Documents/dashboard/src/components/Select/styled.ts": {"path":"/home/hector/Documents/dashboard/src/components/Select/styled.ts","statementMap":{"0":{"start":{"line":1,"column":0},"end":{"line":1,"column":39}},"1":{"start":{"line":5,"column":13},"end":{"line":14,"column":2}},"2":{"start":{"line":16,"column":13},"end":{"line":27,"column":2}},"3":{"start":{"line":17,"column":23},"end":{"line":17,"column":61}},"4":{"start":{"line":29,"column":13},"end":{"line":33,"column":2}}},"fnMap":{"0":{"name":"(anonymous_0)","decl":{"start":{"line":17,"column":11},"end":{"line":17,"column":12}},"loc":{"start":{"line":17,"column":23},"end":{"line":17,"column":61}}}},"branchMap":{"0":{"loc":{"start":{"line":17,"column":23},"end":{"line":17,"column":61}},"type":"cond-expr","locations":[{"start":{"line":17,"column":40},"end":{"line":17,"column":49}},{"start":{"line":17,"column":52},"end":{"line":17,"column":61}}]}},"s":{"0":1,"1":1,"2":1,"3":8,"4":1},"f":{"0":8},"b":{"0":[0,8]}}
,"/home/hector/Documents/dashboard/src/context/auth/AuthProvider.tsx": {"path":"/home/hector/Documents/dashboard/src/context/auth/AuthProvider.tsx","statementMap":{"0":{"start":{"line":2,"column":0},"end":{"line":2,"column":null}},"1":{"start":{"line":11,"column":0},"end":{"line":11,"column":null}},"2":{"start":{"line":15,"column":0},"end":{"line":15,"column":35}},"3":{"start":{"line":32,"column":20},"end":{"line":38,"column":2}},"4":{"start":{"line":40,"column":63},"end":{"line":120,"column":1}},"5":{"start":{"line":43,"column":40},"end":{"line":44,"column":null}},"6":{"start":{"line":46,"column":42},"end":{"line":47,"column":null}},"7":{"start":{"line":50,"column":31},"end":{"line":57,"column":3}},"8":{"start":{"line":51,"column":4},"end":{"line":56,"column":null}},"9":{"start":{"line":52,"column":6},"end":{"line":52,"column":28}},"10":{"start":{"line":53,"column":6},"end":{"line":53,"column":50}},"11":{"start":{"line":55,"column":6},"end":{"line":55,"column":46}},"12":{"start":{"line":59,"column":32},"end":{"line":66,"column":3}},"13":{"start":{"line":60,"column":4},"end":{"line":65,"column":null}},"14":{"start":{"line":61,"column":6},"end":{"line":61,"column":29}},"15":{"start":{"line":62,"column":6},"end":{"line":62,"column":51}},"16":{"start":{"line":64,"column":6},"end":{"line":64,"column":47}},"17":{"start":{"line":68,"column":23},"end":{"line":73,"column":3}},"18":{"start":{"line":69,"column":4},"end":{"line":69,"column":44}},"19":{"start":{"line":70,"column":4},"end":{"line":70,"column":45}},"20":{"start":{"line":71,"column":4},"end":{"line":71,"column":23}},"21":{"start":{"line":72,"column":4},"end":{"line":72,"column":24}},"22":{"start":{"line":75,"column":2},"end":{"line":102,"column":70}},"23":{"start":{"line":76,"column":31},"end":{"line":100,"column":5}},"24":{"start":{"line":77,"column":18},"end":{"line":77,"column":35}},"25":{"start":{"line":79,"column":6},"end":{"line":85,"column":null}},"26":{"start":{"line":80,"column":41},"end":{"line":80,"column":63}},"27":{"start":{"line":81,"column":8},"end":{"line":83,"column":null}},"28":{"start":{"line":82,"column":10},"end":{"line":82,"column":51}},"29":{"start":{"line":84,"column":8},"end":{"line":84,"column":15}},"30":{"start":{"line":87,"column":6},"end":{"line":99,"column":null}},"31":{"start":{"line":88,"column":48},"end":{"line":88,"column":71}},"32":{"start":{"line":90,"column":8},"end":{"line":98,"column":null}},"33":{"start":{"line":91,"column":10},"end":{"line":91,"column":25}},"34":{"start":{"line":92,"column":15},"end":{"line":98,"column":null}},"35":{"start":{"line":93,"column":10},"end":{"line":97,"column":13}},"36":{"start":{"line":94,"column":12},"end":{"line":96,"column":null}},"37":{"start":{"line":95,"column":14},"end":{"line":95,"column":41}},"38":{"start":{"line":101,"column":4},"end":{"line":101,"column":25}},"39":{"start":{"line":104,"column":24},"end":{"line":112,"column":null}},"40":{"start":{"line":105,"column":11},"end":{"line":111,"column":6}},"41":{"start":{"line":115,"column":2},"end":{"line":119,"column":4}},"42":{"start":{"line":40,"column":13},"end":{"line":40,"column":63}},"43":{"start":{"line":123,"column":2},"end":{"line":123,"column":33}},"44":{"start":{"line":122,"column":0},"end":{"line":122,"column":16}}},"fnMap":{"0":{"name":"(anonymous_0)","decl":{"start":{"line":35,"column":18},"end":{"line":35,"column":21}},"loc":{"start":{"line":35,"column":23},"end":{"line":35,"column":26}}},"1":{"name":"(anonymous_1)","decl":{"start":{"line":36,"column":19},"end":{"line":36,"column":22}},"loc":{"start":{"line":36,"column":24},"end":{"line":36,"column":27}}},"2":{"name":"(anonymous_2)","decl":{"start":{"line":37,"column":16},"end":{"line":37,"column":19}},"loc":{"start":{"line":37,"column":21},"end":{"line":37,"column":24}}},"3":{"name":"(anonymous_3)","decl":{"start":{"line":40,"column":63},"end":{"line":40,"column":64}},"loc":{"start":{"line":42,"column":5},"end":{"line":120,"column":1}}},"4":{"name":"(anonymous_4)","decl":{"start":{"line":50,"column":31},"end":{"line":50,"column":32}},"loc":{"start":{"line":50,"column":49},"end":{"line":57,"column":3}}},"5":{"name":"(anonymous_5)","decl":{"start":{"line":59,"column":32},"end":{"line":59,"column":33}},"loc":{"start":{"line":59,"column":50},"end":{"line":66,"column":3}}},"6":{"name":"(anonymous_6)","decl":{"start":{"line":68,"column":23},"end":{"line":68,"column":26}},"loc":{"start":{"line":68,"column":28},"end":{"line":73,"column":3}}},"7":{"name":"(anonymous_7)","decl":{"start":{"line":75,"column":12},"end":{"line":75,"column":15}},"loc":{"start":{"line":75,"column":17},"end":{"line":102,"column":3}}},"8":{"name":"(anonymous_8)","decl":{"start":{"line":76,"column":31},"end":{"line":76,"column":36}},"loc":{"start":{"line":76,"column":42},"end":{"line":100,"column":5}}},"9":{"name":"(anonymous_9)","decl":{"start":{"line":93,"column":51},"end":{"line":93,"column":52}},"loc":{"start":{"line":93,"column":59},"end":{"line":97,"column":11}}},"10":{"name":"(anonymous_10)","decl":{"start":{"line":105,"column":4},"end":{"line":105,"column":7}},"loc":{"start":{"line":105,"column":11},"end":{"line":111,"column":6}}},"11":{"name":"useAuth","decl":{"start":{"line":122,"column":16},"end":{"line":122,"column":23}},"loc":{"start":{"line":122,"column":23},"end":{"line":124,"column":1}}}},"branchMap":{"0":{"loc":{"start":{"line":51,"column":4},"end":{"line":56,"column":null}},"type":"if","locations":[{"start":{"line":51,"column":4},"end":{"line":56,"column":null}},{"start":{"line":54,"column":11},"end":{"line":56,"column":null}}]},"1":{"loc":{"start":{"line":60,"column":4},"end":{"line":65,"column":null}},"type":"if","locations":[{"start":{"line":60,"column":4},"end":{"line":65,"column":null}},{"start":{"line":63,"column":11},"end":{"line":65,"column":null}}]},"2":{"loc":{"start":{"line":79,"column":6},"end":{"line":85,"column":null}},"type":"if","locations":[{"start":{"line":79,"column":6},"end":{"line":85,"column":null}}]},"3":{"loc":{"start":{"line":79,"column":10},"end":{"line":79,"column":55}},"type":"binary-expr","locations":[{"start":{"line":79,"column":10},"end":{"line":79,"column":23}},{"start":{"line":79,"column":27},"end":{"line":79,"column":55}}]},"4":{"loc":{"start":{"line":81,"column":8},"end":{"line":83,"column":null}},"type":"if","locations":[{"start":{"line":81,"column":8},"end":{"line":83,"column":null}}]},"5":{"loc":{"start":{"line":82,"column":31},"end":{"line":82,"column":49}},"type":"binary-expr","locations":[{"start":{"line":82,"column":31},"end":{"line":82,"column":43}},{"start":{"line":82,"column":47},"end":{"line":82,"column":49}}]},"6":{"loc":{"start":{"line":87,"column":6},"end":{"line":99,"column":null}},"type":"if","locations":[{"start":{"line":87,"column":6},"end":{"line":99,"column":null}}]},"7":{"loc":{"start":{"line":90,"column":8},"end":{"line":98,"column":null}},"type":"if","locations":[{"start":{"line":90,"column":8},"end":{"line":98,"column":null}},{"start":{"line":92,"column":15},"end":{"line":98,"column":null}}]},"8":{"loc":{"start":{"line":92,"column":15},"end":{"line":98,"column":null}},"type":"if","locations":[{"start":{"line":92,"column":15},"end":{"line":98,"column":null}}]},"9":{"loc":{"start":{"line":94,"column":12},"end":{"line":96,"column":null}},"type":"if","locations":[{"start":{"line":94,"column":12},"end":{"line":96,"column":null}}]}},"s":{"0":1,"1":1,"2":1,"3":1,"4":1,"5":3,"6":3,"7":3,"8":0,"9":0,"10":0,"11":0,"12":3,"13":0,"14":0,"15":0,"16":0,"17":3,"18":0,"19":0,"20":0,"21":0,"22":3,"23":3,"24":3,"25":3,"26":0,"27":0,"28":0,"29":0,"30":3,"31":0,"32":0,"33":0,"34":0,"35":0,"36":0,"37":0,"38":3,"39":3,"40":3,"41":3,"42":1,"43":8,"44":1},"f":{"0":0,"1":0,"2":0,"3":3,"4":0,"5":0,"6":0,"7":3,"8":3,"9":0,"10":3,"11":8},"b":{"0":[0,0],"1":[0,0],"2":[0],"3":[3,0],"4":[0],"5":[0,0],"6":[0],"7":[0,0],"8":[0],"9":[0]}}
,"/home/hector/Documents/dashboard/src/layout/index.tsx": {"path":"/home/hector/Documents/dashboard/src/layout/index.tsx","statementMap":{"0":{"start":{"line":1,"column":0},"end":{"line":1,"column":48}},"1":{"start":{"line":8,"column":13},"end":{"line":17,"column":2}},"2":{"start":{"line":10,"column":31},"end":{"line":10,"column":36}},"3":{"start":{"line":11,"column":4},"end":{"line":15,"column":6}}},"fnMap":{"0":{"name":"(anonymous_0)","decl":{"start":{"line":9,"column":4},"end":{"line":9,"column":5}},"loc":{"start":{"line":9,"column":14},"end":{"line":16,"column":3}}}},"branchMap":{"0":{"loc":{"start":{"line":13,"column":24},"end":{"line":13,"column":39}},"type":"binary-expr","locations":[{"start":{"line":13,"column":24},"end":{"line":13,"column":33}},{"start":{"line":13,"column":37},"end":{"line":13,"column":39}}]},"1":{"loc":{"start":{"line":14,"column":13},"end":{"line":14,"column":34}},"type":"cond-expr","locations":[{"start":{"line":14,"column":19},"end":{"line":14,"column":29}},{"start":{"line":14,"column":32},"end":{"line":14,"column":34}}]}},"s":{"0":1,"1":1,"2":40,"3":40},"f":{"0":40},"b":{"0":[40,0],"1":[32,8]}}
,"/home/hector/Documents/dashboard/src/services/cep-validation-service.ts": {"path":"/home/hector/Documents/dashboard/src/services/cep-validation-service.ts","statementMap":{"0":{"start":{"line":1,"column":0},"end":{"line":1,"column":42}},"1":{"start":{"line":3,"column":25},"end":{"line":12,"column":1}},"2":{"start":{"line":4,"column":19},"end":{"line":9,"column":6}},"3":{"start":{"line":6,"column":20},"end":{"line":6,"column":49}},"4":{"start":{"line":8,"column":6},"end":{"line":8,"column":19}},"5":{"start":{"line":11,"column":2},"end":{"line":11,"column":18}},"6":{"start":{"line":3,"column":13},"end":{"line":3,"column":25}}},"fnMap":{"0":{"name":"(anonymous_0)","decl":{"start":{"line":3,"column":25},"end":{"line":3,"column":30}},"loc":{"start":{"line":3,"column":54},"end":{"line":12,"column":1}}},"1":{"name":"(anonymous_1)","decl":{"start":{"line":6,"column":10},"end":{"line":6,"column":11}},"loc":{"start":{"line":6,"column":20},"end":{"line":6,"column":49}}},"2":{"name":"(anonymous_2)","decl":{"start":{"line":7,"column":11},"end":{"line":7,"column":12}},"loc":{"start":{"line":7,"column":31},"end":{"line":9,"column":5}}}},"branchMap":{"0":{"loc":{"start":{"line":6,"column":20},"end":{"line":6,"column":49}},"type":"cond-expr","locations":[{"start":{"line":6,"column":37},"end":{"line":6,"column":42}},{"start":{"line":6,"column":45},"end":{"line":6,"column":49}}]}},"s":{"0":1,"1":1,"2":1,"3":0,"4":1,"5":1,"6":1},"f":{"0":1,"1":0,"2":1},"b":{"0":[0,0]}}
,"/home/hector/Documents/dashboard/src/services/location/location-by-id-service.ts": {"path":"/home/hector/Documents/dashboard/src/services/location/location-by-id-service.ts","statementMap":{"0":{"start":{"line":1,"column":0},"end":{"line":1,"column":42}},"1":{"start":{"line":2,"column":0},"end":{"line":2,"column":47}},"2":{"start":{"line":16,"column":31},"end":{"line":29,"column":1}},"3":{"start":{"line":17,"column":33},"end":{"line":26,"column":6}},"4":{"start":{"line":23,"column":19},"end":{"line":23,"column":27}},"5":{"start":{"line":25,"column":6},"end":{"line":25,"column":35}},"6":{"start":{"line":28,"column":2},"end":{"line":28,"column":22}},"7":{"start":{"line":16,"column":13},"end":{"line":16,"column":31}}},"fnMap":{"0":{"name":"(anonymous_0)","decl":{"start":{"line":16,"column":31},"end":{"line":16,"column":36}},"loc":{"start":{"line":16,"column":74},"end":{"line":29,"column":1}}},"1":{"name":"(anonymous_1)","decl":{"start":{"line":23,"column":10},"end":{"line":23,"column":11}},"loc":{"start":{"line":23,"column":19},"end":{"line":23,"column":27}}},"2":{"name":"(anonymous_2)","decl":{"start":{"line":24,"column":11},"end":{"line":24,"column":12}},"loc":{"start":{"line":24,"column":31},"end":{"line":26,"column":5}}}},"branchMap":{},"s":{"0":1,"1":1,"2":1,"3":0,"4":0,"5":0,"6":0,"7":1},"f":{"0":0,"1":0,"2":0},"b":{}}
,"/home/hector/Documents/dashboard/src/services/location/update-location-service.ts": {"path":"/home/hector/Documents/dashboard/src/services/location/update-location-service.ts","statementMap":{"0":{"start":{"line":1,"column":0},"end":{"line":1,"column":42}},"1":{"start":{"line":2,"column":0},"end":{"line":2,"column":47}},"2":{"start":{"line":3,"column":30},"end":{"line":20,"column":1}},"3":{"start":{"line":8,"column":19},"end":{"line":18,"column":6}},"4":{"start":{"line":15,"column":19},"end":{"line":15,"column":35}},"5":{"start":{"line":17,"column":6},"end":{"line":17,"column":35}},"6":{"start":{"line":19,"column":2},"end":{"line":19,"column":18}},"7":{"start":{"line":3,"column":13},"end":{"line":3,"column":30}}},"fnMap":{"0":{"name":"(anonymous_0)","decl":{"start":{"line":3,"column":30},"end":{"line":3,"column":35}},"loc":{"start":{"line":7,"column":4},"end":{"line":20,"column":1}}},"1":{"name":"(anonymous_1)","decl":{"start":{"line":15,"column":10},"end":{"line":15,"column":11}},"loc":{"start":{"line":15,"column":19},"end":{"line":15,"column":35}}},"2":{"name":"(anonymous_2)","decl":{"start":{"line":16,"column":11},"end":{"line":16,"column":12}},"loc":{"start":{"line":16,"column":31},"end":{"line":18,"column":5}}}},"branchMap":{},"s":{"0":1,"1":1,"2":1,"3":0,"4":0,"5":0,"6":0,"7":1},"f":{"0":0,"1":0,"2":0},"b":{}}
,"/home/hector/Documents/dashboard/src/services/refresh-token/refresh-token-service.ts": {"path":"/home/hector/Documents/dashboard/src/services/refresh-token/refresh-token-service.ts","statementMap":{"0":{"start":{"line":1,"column":0},"end":{"line":1,"column":26}},"1":{"start":{"line":2,"column":0},"end":{"line":2,"column":47}},"2":{"start":{"line":19,"column":18},"end":{"line":22,"column":4}},"3":{"start":{"line":24,"column":19},"end":{"line":27,"column":null}},"4":{"start":{"line":29,"column":2},"end":{"line":29,"column":23}},"5":{"start":{"line":16,"column":0},"end":{"line":16,"column":7}}},"fnMap":{"0":{"name":"getRefreshToken","decl":{"start":{"line":16,"column":22},"end":{"line":16,"column":37}},"loc":{"start":{"line":17,"column":15},"end":{"line":30,"column":1}}}},"branchMap":{},"s":{"0":1,"1":1,"2":0,"3":0,"4":0,"5":1},"f":{"0":0},"b":{}}
,"/home/hector/Documents/dashboard/src/zodSchemas/LocationUpdateSchema.ts": {"path":"/home/hector/Documents/dashboard/src/zodSchemas/LocationUpdateSchema.ts","statementMap":{"0":{"start":{"line":1,"column":0},"end":{"line":1,"column":24}},"1":{"start":{"line":2,"column":0},"end":{"line":2,"column":63}},"2":{"start":{"line":4,"column":13},"end":{"line":39,"column":3}},"3":{"start":{"line":12,"column":8},"end":{"line":16,"column":null}},"4":{"start":{"line":13,"column":10},"end":{"line":13,"column":22}},"5":{"start":{"line":15,"column":10},"end":{"line":15,"column":23}},"6":{"start":{"line":20,"column":34},"end":{"line":20,"column":48}}},"fnMap":{"0":{"name":"(anonymous_0)","decl":{"start":{"line":11,"column":6},"end":{"line":11,"column":7}},"loc":{"start":{"line":11,"column":16},"end":{"line":17,"column":7}}},"1":{"name":"(anonymous_1)","decl":{"start":{"line":20,"column":25},"end":{"line":20,"column":26}},"loc":{"start":{"line":20,"column":34},"end":{"line":20,"column":48}}}},"branchMap":{"0":{"loc":{"start":{"line":12,"column":8},"end":{"line":16,"column":null}},"type":"if","locations":[{"start":{"line":12,"column":8},"end":{"line":16,"column":null}},{"start":{"line":14,"column":15},"end":{"line":16,"column":null}}]},"1":{"loc":{"start":{"line":12,"column":12},"end":{"line":12,"column":59}},"type":"binary-expr","locations":[{"start":{"line":12,"column":12},"end":{"line":12,"column":25}},{"start":{"line":12,"column":29},"end":{"line":12,"column":42}},{"start":{"line":12,"column":46},"end":{"line":12,"column":59}}]}},"s":{"0":1,"1":1,"2":1,"3":0,"4":0,"5":0,"6":1},"f":{"0":0,"1":1},"b":{"0":[0,0],"1":[0,0,0]}}
}
