TN:
SF:src/components/Button/Button.styles.ts
FN:4,(anonymous_0)
FN:13,(anonymous_1)
FN:14,(anonymous_2)
FN:21,(anonymous_3)
FN:22,(anonymous_4)
FN:23,(anonymous_5)
FNF:6
FNH:6
FNDA:16,(anonymous_0)
FNDA:16,(anonymous_1)
FNDA:16,(anonymous_2)
FNDA:16,(anonymous_3)
FNDA:16,(anonymous_4)
FNDA:16,(anonymous_5)
DA:1,1
DA:4,16
DA:13,16
DA:14,16
DA:21,16
DA:22,16
DA:23,16
DA:26,1
LF:8
LH:8
BRDA:5,0,0,16
BRDA:5,0,1,8
BRDA:13,1,0,8
BRDA:13,1,1,8
BRDA:14,2,0,8
BRDA:14,2,1,8
BRDA:21,3,0,16
BRDA:21,3,1,0
BRDA:22,4,0,16
BRDA:22,4,1,0
BRDA:23,5,0,16
BRDA:23,5,1,0
BRF:12
BRH:9
end_of_record
TN:
SF:src/components/Button/Button.tsx
FN:12,(anonymous_0)
FNF:1
FNH:1
FNDA:16,(anonymous_0)
DA:2,1
DA:12,1
DA:13,16
DA:20,1
LF:4
LH:4
BRF:0
BRH:0
end_of_record
TN:
SF:src/components/Form/Form.styles.ts
FNF:0
FNH:0
DA:1,1
DA:3,1
LF:2
LH:2
BRF:0
BRH:0
end_of_record
TN:
SF:src/components/Form/Form.tsx
FN:20,(anonymous_0)
FNF:1
FNH:1
FNDA:8,(anonymous_0)
DA:3,1
DA:20,1
DA:21,8
DA:33,1
LF:4
LH:4
BRF:0
BRH:0
end_of_record
TN:
SF:src/components/Input/Input.style.ts
FN:57,(anonymous_0)
FNF:1
FNH:1
FNDA:40,(anonymous_0)
DA:1,1
DA:5,1
DA:56,1
DA:57,40
DA:68,1
LF:5
LH:5
BRDA:57,0,0,5
BRDA:57,0,1,35
BRF:2
BRH:2
end_of_record
TN:
SF:src/components/Input/Input.tsx
FN:15,(anonymous_0)
FNF:1
FNH:1
FNDA:40,(anonymous_0)
DA:1,1
DA:2,1
DA:15,1
DA:16,40
DA:17,40
DA:19,40
DA:34,1
DA:36,1
LF:8
LH:8
BRDA:23,0,0,5
BRDA:23,0,1,35
BRDA:27,1,0,40
BRDA:27,1,1,5
BRF:4
BRH:4
end_of_record
TN:
SF:src/components/ModalImg/ModalImg.style.ts
FN:13,(anonymous_0)
FNF:1
FNH:1
FNDA:8,(anonymous_0)
DA:1,1
DA:7,1
DA:13,8
LF:3
LH:3
BRDA:13,0,0,0
BRDA:13,0,1,8
BRF:2
BRH:1
end_of_record
TN:
SF:src/components/ModalImg/ModalImg.tsx
FN:11,(anonymous_0)
FN:14,(anonymous_1)
FN:24,(anonymous_2)
FN:40,(anonymous_3)
FN:60,(anonymous_4)
FNF:5
FNH:2
FNDA:8,(anonymous_0)
FNDA:0,(anonymous_1)
FNDA:3,(anonymous_2)
FNDA:0,(anonymous_3)
FNDA:0,(anonymous_4)
DA:1,1
DA:2,1
DA:3,1
DA:11,1
DA:12,8
DA:13,8
DA:14,8
DA:17,0
DA:18,0
DA:19,0
DA:20,0
DA:24,8
DA:25,3
DA:27,8
DA:40,0
DA:60,0
DA:68,1
LF:17
LH:11
BRDA:17,0,0,0
BRDA:17,0,1,0
BRDA:18,1,0,0
BRDA:25,2,0,0
BRDA:25,2,1,3
BRDA:29,3,0,0
BRDA:29,3,1,8
BRF:7
BRH:2
end_of_record
TN:
SF:src/components/Modals/EditLocationModal/EditLocationModal.styles.ts
FNF:0
FNH:0
DA:1,1
DA:3,1
DA:10,1
DA:16,1
LF:4
LH:4
BRF:0
BRH:0
end_of_record
TN:
SF:src/components/Modals/EditLocationModal/EditLocationModal.tsx
FN:25,(anonymous_0)
FN:31,(anonymous_1)
FN:37,(anonymous_2)
FN:41,(anonymous_3)
FN:64,(anonymous_4)
FN:78,(anonymous_5)
FN:83,(anonymous_6)
FN:109,(anonymous_7)
FN:128,(anonymous_8)
FN:132,(anonymous_9)
FN:196,(anonymous_10)
FNF:11
FNH:6
FNDA:8,(anonymous_0)
FNDA:3,(anonymous_1)
FNDA:0,(anonymous_2)
FNDA:0,(anonymous_3)
FNDA:3,(anonymous_4)
FNDA:3,(anonymous_5)
FNDA:0,(anonymous_6)
FNDA:0,(anonymous_7)
FNDA:8,(anonymous_8)
FNDA:0,(anonymous_9)
FNDA:1,(anonymous_10)
DA:1,1
DA:2,1
DA:3,1
DA:4,1
DA:5,1
DA:6,1
DA:7,1
DA:8,1
DA:9,1
DA:10,1
DA:11,1
DA:12,1
DA:13,1
DA:14,1
DA:15,1
DA:16,1
DA:17,1
DA:25,1
DA:30,8
DA:31,8
DA:32,3
DA:34,8
DA:35,8
DA:37,8
DA:38,0
DA:41,8
DA:42,0
DA:43,0
DA:44,0
DA:45,0
DA:46,0
DA:47,0
DA:49,0
DA:60,8
DA:65,3
DA:66,0
DA:78,8
DA:79,3
DA:83,8
DA:84,0
DA:85,0
DA:86,0
DA:87,0
DA:88,0
DA:89,0
DA:90,0
DA:91,0
DA:92,0
DA:94,8
DA:100,8
DA:109,0
DA:129,8
DA:133,0
DA:134,0
DA:196,1
DA:211,1
LF:56
LH:35
BRDA:42,0,0,0
BRDA:42,0,1,0
BRDA:44,1,0,0
BRDA:44,1,1,0
BRDA:46,2,0,0
BRDA:46,2,1,0
BRDA:65,3,0,0
BRDA:137,4,0,0
BRDA:137,4,1,8
BRDA:169,5,0,0
BRDA:169,5,1,8
BRDA:179,6,0,0
BRDA:179,6,1,8
BRDA:188,7,0,0
BRDA:188,7,1,8
BRF:15
BRH:4
end_of_record
TN:
SF:src/components/Modals/Modal/Modal.styles.ts
FN:13,(anonymous_0)
FNF:1
FNH:1
FNDA:8,(anonymous_0)
DA:1,1
DA:7,1
DA:13,8
DA:22,1
DA:32,1
LF:5
LH:5
BRDA:13,0,0,8
BRDA:13,0,1,0
BRF:2
BRH:1
end_of_record
TN:
SF:src/components/Modals/Modal/Modal.tsx
FN:12,(anonymous_0)
FNF:1
FNH:1
FNDA:8,(anonymous_0)
DA:2,1
DA:12,1
DA:13,8
DA:23,1
LF:4
LH:4
BRF:0
BRH:0
end_of_record
TN:
SF:src/components/Select/Select.tsx
FN:19,(anonymous_0)
FN:31,(anonymous_1)
FN:44,(anonymous_2)
FN:48,(anonymous_3)
FN:70,(anonymous_4)
FNF:5
FNH:2
FNDA:8,(anonymous_0)
FNDA:0,(anonymous_1)
FNDA:0,(anonymous_2)
FNDA:8,(anonymous_3)
FNDA:0,(anonymous_4)
DA:1,1
DA:2,1
DA:5,1
DA:19,1
DA:27,8
DA:28,8
DA:29,8
DA:31,8
DA:32,0
DA:33,0
DA:34,0
DA:38,8
DA:44,0
DA:49,8
DA:50,8
DA:51,8
DA:52,8
DA:53,8
DA:54,0
DA:55,0
DA:56,0
DA:58,8
DA:59,0
DA:60,0
DA:62,8
DA:70,0
DA:88,1
LF:27
LH:17
BRDA:32,0,0,0
BRDA:43,1,0,8
BRDA:43,1,1,0
BRDA:53,2,0,0
BRDA:53,3,0,8
BRDA:53,3,1,0
BRDA:58,4,0,0
BRDA:81,5,0,8
BRDA:81,5,1,0
BRF:9
BRH:3
end_of_record
TN:
SF:src/components/Select/styled.ts
FN:17,(anonymous_0)
FNF:1
FNH:1
FNDA:8,(anonymous_0)
DA:1,1
DA:5,1
DA:16,1
DA:17,8
DA:29,1
LF:5
LH:5
BRDA:17,0,0,0
BRDA:17,0,1,8
BRF:2
BRH:1
end_of_record
TN:
SF:src/context/auth/AuthProvider.tsx
FN:35,(anonymous_0)
FN:36,(anonymous_1)
FN:37,(anonymous_2)
FN:40,(anonymous_3)
FN:50,(anonymous_4)
FN:59,(anonymous_5)
FN:68,(anonymous_6)
FN:75,(anonymous_7)
FN:76,(anonymous_8)
FN:93,(anonymous_9)
FN:105,(anonymous_10)
FN:122,useAuth
FNF:12
FNH:5
FNDA:0,(anonymous_0)
FNDA:0,(anonymous_1)
FNDA:0,(anonymous_2)
FNDA:3,(anonymous_3)
FNDA:0,(anonymous_4)
FNDA:0,(anonymous_5)
FNDA:0,(anonymous_6)
FNDA:3,(anonymous_7)
FNDA:3,(anonymous_8)
FNDA:0,(anonymous_9)
FNDA:3,(anonymous_10)
FNDA:8,useAuth
DA:2,1
DA:11,1
DA:15,1
DA:32,1
DA:40,1
DA:43,3
DA:46,3
DA:50,3
DA:51,0
DA:52,0
DA:53,0
DA:55,0
DA:59,3
DA:60,0
DA:61,0
DA:62,0
DA:64,0
DA:68,3
DA:69,0
DA:70,0
DA:71,0
DA:72,0
DA:75,3
DA:76,3
DA:77,3
DA:79,3
DA:80,0
DA:81,0
DA:82,0
DA:84,0
DA:87,3
DA:88,0
DA:90,0
DA:91,0
DA:92,0
DA:93,0
DA:94,0
DA:95,0
DA:101,3
DA:104,3
DA:105,3
DA:115,3
DA:122,1
DA:123,8
LF:44
LH:21
BRDA:51,0,0,0
BRDA:51,0,1,0
BRDA:60,1,0,0
BRDA:60,1,1,0
BRDA:79,2,0,0
BRDA:79,3,0,3
BRDA:79,3,1,0
BRDA:81,4,0,0
BRDA:82,5,0,0
BRDA:82,5,1,0
BRDA:87,6,0,0
BRDA:90,7,0,0
BRDA:90,7,1,0
BRDA:92,8,0,0
BRDA:94,9,0,0
BRF:15
BRH:1
end_of_record
TN:
SF:src/layout/index.tsx
FN:9,(anonymous_0)
FNF:1
FNH:1
FNDA:40,(anonymous_0)
DA:1,1
DA:8,1
DA:10,40
DA:11,40
LF:4
LH:4
BRDA:13,0,0,40
BRDA:13,0,1,0
BRDA:14,1,0,32
BRDA:14,1,1,8
BRF:4
BRH:3
end_of_record
TN:
SF:src/services/cep-validation-service.ts
FN:3,(anonymous_0)
FN:6,(anonymous_1)
FN:7,(anonymous_2)
FNF:3
FNH:2
FNDA:1,(anonymous_0)
FNDA:0,(anonymous_1)
FNDA:1,(anonymous_2)
DA:1,1
DA:3,1
DA:4,1
DA:6,0
DA:8,1
DA:11,1
LF:6
LH:5
BRDA:6,0,0,0
BRDA:6,0,1,0
BRF:2
BRH:0
end_of_record
TN:
SF:src/services/location/location-by-id-service.ts
FN:16,(anonymous_0)
FN:23,(anonymous_1)
FN:24,(anonymous_2)
FNF:3
FNH:0
FNDA:0,(anonymous_0)
FNDA:0,(anonymous_1)
FNDA:0,(anonymous_2)
DA:1,1
DA:2,1
DA:16,1
DA:17,0
DA:23,0
DA:25,0
DA:28,0
LF:7
LH:3
BRF:0
BRH:0
end_of_record
TN:
SF:src/services/location/update-location-service.ts
FN:3,(anonymous_0)
FN:15,(anonymous_1)
FN:16,(anonymous_2)
FNF:3
FNH:0
FNDA:0,(anonymous_0)
FNDA:0,(anonymous_1)
FNDA:0,(anonymous_2)
DA:1,1
DA:2,1
DA:3,1
DA:8,0
DA:15,0
DA:17,0
DA:19,0
LF:7
LH:3
BRF:0
BRH:0
end_of_record
TN:
SF:src/services/refresh-token/refresh-token-service.ts
FN:16,getRefreshToken
FNF:1
FNH:0
FNDA:0,getRefreshToken
DA:1,1
DA:2,1
DA:16,1
DA:19,0
DA:24,0
DA:29,0
LF:6
LH:3
BRF:0
BRH:0
end_of_record
TN:
SF:src/zodSchemas/LocationUpdateSchema.ts
FN:11,(anonymous_0)
FN:20,(anonymous_1)
FNF:2
FNH:1
FNDA:0,(anonymous_0)
FNDA:1,(anonymous_1)
DA:1,1
DA:2,1
DA:4,1
DA:12,0
DA:13,0
DA:15,0
DA:20,1
LF:7
LH:4
BRDA:12,0,0,0
BRDA:12,0,1,0
BRDA:12,1,0,0
BRDA:12,1,1,0
BRDA:12,1,2,0
BRF:5
BRH:0
end_of_record
