TN:
SF:src/ContextProviders/AuthContext.tsx
FN:27,(anonymous_0)
FN:39,(anonymous_1)
FN:49,(anonymous_2)
FN:54,(anonymous_3)
FN:59,(anonymous_4)
FN:67,(anonymous_5)
FN:68,(anonymous_6)
FN:91,(anonymous_7)
FN:101,(anonymous_8)
FN:118,useAuth
FNF:10
FNH:1
FNDA:0,(anonymous_0)
FNDA:0,(anonymous_1)
FNDA:0,(anonymous_2)
FNDA:0,(anonymous_3)
FNDA:0,(anonymous_4)
FNDA:0,(anonymous_5)
FNDA:0,(anonymous_6)
FNDA:0,(anonymous_7)
FNDA:0,(anonymous_8)
FNDA:8,useAuth
DA:1,2
DA:9,2
DA:10,2
DA:27,2
DA:28,0
DA:31,2
DA:39,2
DA:42,0
DA:45,0
DA:49,0
DA:50,0
DA:51,0
DA:54,0
DA:55,0
DA:56,0
DA:59,0
DA:60,0
DA:61,0
DA:62,0
DA:63,0
DA:64,0
DA:67,0
DA:68,0
DA:69,0
DA:72,0
DA:74,0
DA:75,0
DA:76,0
DA:77,0
DA:78,0
DA:79,0
DA:80,0
DA:81,0
DA:83,0
DA:86,0
DA:87,0
DA:88,0
DA:89,0
DA:90,0
DA:91,0
DA:92,0
DA:93,0
DA:100,0
DA:101,0
DA:111,0
DA:118,2
DA:119,8
LF:47
LH:8
BRDA:75,0,0,0
BRDA:75,0,1,0
BRDA:75,1,0,0
BRDA:75,1,1,0
BRDA:76,2,0,0
BRDA:78,3,0,0
BRDA:78,3,1,0
BRDA:80,4,0,0
BRDA:80,4,1,0
BRDA:87,5,0,0
BRDA:87,5,1,0
BRDA:89,6,0,0
BRDA:92,7,0,0
BRF:13
BRH:0
end_of_record
TN:
SF:src/pages/Home.tsx
FN:1,(anonymous_0)
FNF:1
FNH:1
FNDA:1,(anonymous_0)
DA:1,1
DA:2,1
DA:9,1
LF:3
LH:3
BRF:0
BRH:0
end_of_record
TN:
SF:src/pages/reviews/Reviews.tsx
FN:7,(anonymous_0)
FN:11,(anonymous_1)
FNF:2
FNH:2
FNDA:4,(anonymous_0)
FNDA:2,(anonymous_1)
DA:1,1
DA:2,1
DA:4,1
DA:5,1
DA:7,1
DA:8,4
DA:9,3
DA:11,2
DA:17,3
DA:24,1
LF:10
LH:10
BRF:0
BRH:0
end_of_record
TN:
SF:src/services/login/login-service.ts
FN:25,login
FNF:1
FNH:1
FNDA:2,login
DA:1,1
DA:20,1
DA:21,1
DA:25,1
DA:26,2
DA:31,1
LF:6
LH:6
BRF:0
BRH:0
end_of_record
TN:
SF:src/services/refresh-token/refresh-token-service.ts
FN:20,refreshToken
FNF:1
FNH:1
FNDA:2,refreshToken
DA:1,3
DA:15,3
DA:16,3
DA:20,3
DA:23,2
DA:28,1
LF:6
LH:6
BRF:0
BRH:0
end_of_record
TN:
SF:src/services/review-number/review-number-service.ts
FN:3,(anonymous_0)
FN:13,(anonymous_1)
FN:14,(anonymous_2)
FNF:3
FNH:3
FNDA:2,(anonymous_0)
FNDA:1,(anonymous_1)
FNDA:1,(anonymous_2)
DA:1,1
DA:3,1
DA:4,2
DA:13,1
DA:15,1
DA:18,1
LF:6
LH:6
BRF:0
BRH:0
end_of_record
